[2016-06-28 09:01:11] core.ERROR: exception 'SmartyCompilerException' with message 'Syntax Error in template &quot;/Users/Shared/development/projects_git/webshop/shopware-4/shopware/templates/_emotion/frontend/home/index.tpl&quot;  on line 3 &quot;{* Tagcloud *}&quot; unmatched {block} {/block} pairs' in /Users/Shared/development/projects_git/webshop/shopware-4/shopware/engine/Library/Smarty/sysplugins/smarty_internal_templatecompilerbase.php:657
Stack trace:
#0 /Users/Shared/development/projects_git/webshop/shopware-4/shopware/engine/Library/Smarty/sysplugins/smarty_internal_compile_extends.php(88): Smarty_Internal_TemplateCompilerBase->trigger_template_error('unmatched {bloc...')
#1 /Users/Shared/development/projects_git/webshop/shopware-4/shopware/engine/Library/Smarty/sysplugins/smarty_internal_templatecompilerbase.php(475): Smarty_Internal_Compile_Extends->compile(Array, Object(Smarty_Internal_SmartyTemplateCompiler), Array, NULL, NULL)
#2 /Users/Shared/development/projects_git/webshop/shopware-4/shopware/engine/Library/Smarty/sysplugins/smarty_internal_templatecompilerbase.php(249): Smarty_Internal_TemplateCompilerBase->callTagCompiler('extends', Array, Array)
#3 /Users/Shared/development/projects_git/webshop/shopware-4/shopware/engine/Library/Smarty/sysplugins/smarty_internal_templateparser.php(2388): Smarty_Internal_TemplateCompilerBase->compileTag('extends', Array)
#4 /Users/Shared/development/projects_git/webshop/shopware-4/shopware/engine/Library/Smarty/sysplugins/smarty_internal_templateparser.php(3101): Smarty_Internal_Templateparser->yy_r36()
#5 /Users/Shared/development/projects_git/webshop/shopware-4/shopware/engine/Library/Smarty/sysplugins/smarty_internal_templateparser.php(3201): Smarty_Internal_Templateparser->yy_reduce(36)
#6 /Users/Shared/development/projects_git/webshop/shopware-4/shopware/engine/Library/Smarty/sysplugins/smarty_internal_smartytemplatecompiler.php(105): Smarty_Internal_Templateparser->doParse(10, '??')
#7 /Users/Shared/development/projects_git/webshop/shopware-4/shopware/engine/Library/Smarty/sysplugins/smarty_internal_templatecompilerbase.php(192): Smarty_Internal_SmartyTemplateCompiler->doCompile('{extends file='...')
#8 /Users/Shared/development/projects_git/webshop/shopware-4/shopware/engine/Library/Smarty/sysplugins/smarty_internal_template.php(187): Smarty_Internal_TemplateCompilerBase->compileTemplate(Object(Enlight_Template_Default))
#9 /Users/Shared/development/projects_git/webshop/shopware-4/shopware/engine/Library/Smarty/sysplugins/smarty_internal_templatebase.php(164): Smarty_Internal_Template->compileTemplateSource()
#10 /Users/Shared/development/projects_git/webshop/shopware-4/shopware/engine/Library/Enlight/View/Default.php(273): Smarty_Internal_TemplateBase->fetch()
#11 /Users/Shared/development/projects_git/webshop/shopware-4/shopware/engine/Library/Enlight/Controller/Plugins/ViewRenderer/Bootstrap.php(212): Enlight_View_Default->render(Object(Enlight_Template_Default))
#12 /Users/Shared/development/projects_git/webshop/shopware-4/shopware/engine/Library/Enlight/Controller/Plugins/ViewRenderer/Bootstrap.php(238): Enlight_Controller_Plugins_ViewRenderer_Bootstrap->renderTemplate(Object(Enlight_Template_Default))
#13 /Users/Shared/development/projects_git/webshop/shopware-4/shopware/engine/Library/Enlight/Controller/Plugins/ViewRenderer/Bootstrap.php(136): Enlight_Controller_Plugins_ViewRenderer_Bootstrap->render()
#14 [internal function]: Enlight_Controller_Plugins_ViewRenderer_Bootstrap->onPostDispatch(Object(Enlight_Controller_ActionEventArgs))
#15 /Users/Shared/development/projects_git/webshop/shopware-4/shopware/engine/Library/Enlight/Event/Handler/Default.php(91): call_user_func(Array, Object(Enlight_Controller_ActionEventArgs))
#16 /Users/Shared/development/projects_git/webshop/shopware-4/shopware/engine/Library/Enlight/Event/EventManager.php(211): Enlight_Event_Handler_Default->execute(Object(Enlight_Controller_ActionEventArgs))
#17 /Users/Shared/development/projects_git/webshop/shopware-4/shopware/engine/Library/Enlight/Controller/Action.php(202): Enlight_Event_EventManager->notify('Enlight_Control...', Object(Enlight_Controller_ActionEventArgs))
#18 /Users/Shared/development/projects_git/webshop/shopware-4/shopware/engine/Library/Enlight/Controller/Dispatcher/Default.php(528): Enlight_Controller_Action->dispatch('indexAction')
#19 /Users/Shared/development/projects_git/webshop/shopware-4/shopware/engine/Library/Enlight/Controller/Front.php(228): Enlight_Controller_Dispatcher_Default->dispatch(Object(Enlight_Controller_Request_RequestHttp), Object(Enlight_Controller_Response_ResponseHttp))
#20 /Users/Shared/development/projects_git/webshop/shopware-4/shopware/engine/Shopware/Kernel.php(145): Enlight_Controller_Front->dispatch()
#21 /Users/Shared/development/projects_git/webshop/shopware-4/shopware/vendor/symfony/http-kernel/Symfony/Component/HttpKernel/HttpCache/HttpCache.php(471): Shopware\Kernel->handle(Object(Symfony\Component\HttpFoundation\Request), 1, true)
#22 /Users/Shared/development/projects_git/webshop/shopware-4/shopware/engine/Shopware/Components/HttpCache/AppCache.php(257): Symfony\Component\HttpKernel\HttpCache\HttpCache->forward(Object(Symfony\Component\HttpFoundation\Request), true, NULL)
#23 /Users/Shared/development/projects_git/webshop/shopware-4/shopware/vendor/symfony/http-kernel/Symfony/Component/HttpKernel/HttpCache/HttpCache.php(428): Shopware\Components\HttpCache\AppCache->forward(Object(Symfony\Component\HttpFoundation\Request), true)
#24 /Users/Shared/development/projects_git/webshop/shopware-4/shopware/vendor/symfony/http-kernel/Symfony/Component/HttpKernel/HttpCache/HttpCache.php(328): Symfony\Component\HttpKernel\HttpCache\HttpCache->fetch(Object(Symfony\Component\HttpFoundation\Request), true)
#25 /Users/Shared/development/projects_git/webshop/shopware-4/shopware/engine/Shopware/Components/HttpCache/AppCache.php(179): Symfony\Component\HttpKernel\HttpCache\HttpCache->lookup(Object(Symfony\Component\HttpFoundation\Request), true)
#26 /Users/Shared/development/projects_git/webshop/shopware-4/shopware/vendor/symfony/http-kernel/Symfony/Component/HttpKernel/HttpCache/HttpCache.php(192): Shopware\Components\HttpCache\AppCache->lookup(Object(Symfony\Component\HttpFoundation\Request), true)
#27 /Users/Shared/development/projects_git/webshop/shopware-4/shopware/engine/Shopware/Components/HttpCache/AppCache.php(114): Symfony\Component\HttpKernel\HttpCache\HttpCache->handle(Object(Symfony\Component\HttpFoundation\Request), 1, true)
#28 /Users/Shared/development/projects_git/webshop/shopware-4/shopware/shopware.php(109): Shopware\Components\HttpCache\AppCache->handle(Object(Symfony\Component\HttpFoundation\Request))
#29 {main} [] {"uid":"9795d19"}
[2016-06-28 09:01:15] core.ERROR: exception 'SmartyCompilerException' with message 'Syntax Error in template &quot;/Users/Shared/development/projects_git/webshop/shopware-4/shopware/templates/_emotion/frontend/home/index.tpl&quot;  on line 3 &quot;{* Tagcloud *}&quot; unmatched {block} {/block} pairs' in /Users/Shared/development/projects_git/webshop/shopware-4/shopware/engine/Library/Smarty/sysplugins/smarty_internal_templatecompilerbase.php:657
Stack trace:
#0 /Users/Shared/development/projects_git/webshop/shopware-4/shopware/engine/Library/Smarty/sysplugins/smarty_internal_compile_extends.php(88): Smarty_Internal_TemplateCompilerBase->trigger_template_error('unmatched {bloc...')
#1 /Users/Shared/development/projects_git/webshop/shopware-4/shopware/engine/Library/Smarty/sysplugins/smarty_internal_templatecompilerbase.php(475): Smarty_Internal_Compile_Extends->compile(Array, Object(Smarty_Internal_SmartyTemplateCompiler), Array, NULL, NULL)
#2 /Users/Shared/development/projects_git/webshop/shopware-4/shopware/engine/Library/Smarty/sysplugins/smarty_internal_templatecompilerbase.php(249): Smarty_Internal_TemplateCompilerBase->callTagCompiler('extends', Array, Array)
#3 /Users/Shared/development/projects_git/webshop/shopware-4/shopware/engine/Library/Smarty/sysplugins/smarty_internal_templateparser.php(2388): Smarty_Internal_TemplateCompilerBase->compileTag('extends', Array)
#4 /Users/Shared/development/projects_git/webshop/shopware-4/shopware/engine/Library/Smarty/sysplugins/smarty_internal_templateparser.php(3101): Smarty_Internal_Templateparser->yy_r36()
#5 /Users/Shared/development/projects_git/webshop/shopware-4/shopware/engine/Library/Smarty/sysplugins/smarty_internal_templateparser.php(3201): Smarty_Internal_Templateparser->yy_reduce(36)
#6 /Users/Shared/development/projects_git/webshop/shopware-4/shopware/engine/Library/Smarty/sysplugins/smarty_internal_smartytemplatecompiler.php(105): Smarty_Internal_Templateparser->doParse(10, '??')
#7 /Users/Shared/development/projects_git/webshop/shopware-4/shopware/engine/Library/Smarty/sysplugins/smarty_internal_templatecompilerbase.php(192): Smarty_Internal_SmartyTemplateCompiler->doCompile('{extends file='...')
#8 /Users/Shared/development/projects_git/webshop/shopware-4/shopware/engine/Library/Smarty/sysplugins/smarty_internal_template.php(187): Smarty_Internal_TemplateCompilerBase->compileTemplate(Object(Enlight_Template_Default))
#9 /Users/Shared/development/projects_git/webshop/shopware-4/shopware/engine/Library/Smarty/sysplugins/smarty_internal_templatebase.php(164): Smarty_Internal_Template->compileTemplateSource()
#10 /Users/Shared/development/projects_git/webshop/shopware-4/shopware/engine/Library/Enlight/View/Default.php(273): Smarty_Internal_TemplateBase->fetch()
#11 /Users/Shared/development/projects_git/webshop/shopware-4/shopware/engine/Library/Enlight/Controller/Plugins/ViewRenderer/Bootstrap.php(212): Enlight_View_Default->render(Object(Enlight_Template_Default))
#12 /Users/Shared/development/projects_git/webshop/shopware-4/shopware/engine/Library/Enlight/Controller/Plugins/ViewRenderer/Bootstrap.php(238): Enlight_Controller_Plugins_ViewRenderer_Bootstrap->renderTemplate(Object(Enlight_Template_Default))
#13 /Users/Shared/development/projects_git/webshop/shopware-4/shopware/engine/Library/Enlight/Controller/Plugins/ViewRenderer/Bootstrap.php(136): Enlight_Controller_Plugins_ViewRenderer_Bootstrap->render()
#14 [internal function]: Enlight_Controller_Plugins_ViewRenderer_Bootstrap->onPostDispatch(Object(Enlight_Controller_ActionEventArgs))
#15 /Users/Shared/development/projects_git/webshop/shopware-4/shopware/engine/Library/Enlight/Event/Handler/Default.php(91): call_user_func(Array, Object(Enlight_Controller_ActionEventArgs))
#16 /Users/Shared/development/projects_git/webshop/shopware-4/shopware/engine/Library/Enlight/Event/EventManager.php(211): Enlight_Event_Handler_Default->execute(Object(Enlight_Controller_ActionEventArgs))
#17 /Users/Shared/development/projects_git/webshop/shopware-4/shopware/engine/Library/Enlight/Controller/Action.php(202): Enlight_Event_EventManager->notify('Enlight_Control...', Object(Enlight_Controller_ActionEventArgs))
#18 /Users/Shared/development/projects_git/webshop/shopware-4/shopware/engine/Library/Enlight/Controller/Dispatcher/Default.php(528): Enlight_Controller_Action->dispatch('indexAction')
#19 /Users/Shared/development/projects_git/webshop/shopware-4/shopware/engine/Library/Enlight/Controller/Front.php(228): Enlight_Controller_Dispatcher_Default->dispatch(Object(Enlight_Controller_Request_RequestHttp), Object(Enlight_Controller_Response_ResponseHttp))
#20 /Users/Shared/development/projects_git/webshop/shopware-4/shopware/engine/Shopware/Kernel.php(145): Enlight_Controller_Front->dispatch()
#21 /Users/Shared/development/projects_git/webshop/shopware-4/shopware/vendor/symfony/http-kernel/Symfony/Component/HttpKernel/HttpCache/HttpCache.php(471): Shopware\Kernel->handle(Object(Symfony\Component\HttpFoundation\Request), 1, true)
#22 /Users/Shared/development/projects_git/webshop/shopware-4/shopware/engine/Shopware/Components/HttpCache/AppCache.php(257): Symfony\Component\HttpKernel\HttpCache\HttpCache->forward(Object(Symfony\Component\HttpFoundation\Request), true, NULL)
#23 /Users/Shared/development/projects_git/webshop/shopware-4/shopware/vendor/symfony/http-kernel/Symfony/Component/HttpKernel/HttpCache/HttpCache.php(428): Shopware\Components\HttpCache\AppCache->forward(Object(Symfony\Component\HttpFoundation\Request), true)
#24 /Users/Shared/development/projects_git/webshop/shopware-4/shopware/vendor/symfony/http-kernel/Symfony/Component/HttpKernel/HttpCache/HttpCache.php(328): Symfony\Component\HttpKernel\HttpCache\HttpCache->fetch(Object(Symfony\Component\HttpFoundation\Request), true)
#25 /Users/Shared/development/projects_git/webshop/shopware-4/shopware/engine/Shopware/Components/HttpCache/AppCache.php(179): Symfony\Component\HttpKernel\HttpCache\HttpCache->lookup(Object(Symfony\Component\HttpFoundation\Request), true)
#26 /Users/Shared/development/projects_git/webshop/shopware-4/shopware/vendor/symfony/http-kernel/Symfony/Component/HttpKernel/HttpCache/HttpCache.php(192): Shopware\Components\HttpCache\AppCache->lookup(Object(Symfony\Component\HttpFoundation\Request), true)
#27 /Users/Shared/development/projects_git/webshop/shopware-4/shopware/engine/Shopware/Components/HttpCache/AppCache.php(114): Symfony\Component\HttpKernel\HttpCache\HttpCache->handle(Object(Symfony\Component\HttpFoundation\Request), 1, true)
#28 /Users/Shared/development/projects_git/webshop/shopware-4/shopware/shopware.php(109): Shopware\Components\HttpCache\AppCache->handle(Object(Symfony\Component\HttpFoundation\Request))
#29 {main} [] {"uid":"48c09ce"}
[2016-06-28 09:01:36] core.ERROR: exception 'SmartyCompilerException' with message 'Syntax Error in template &quot;/Users/Shared/development/projects_git/webshop/shopware-4/shopware/templates/_emotion/frontend/home/index.tpl&quot;  on line 3 &quot;{* Tagcloud *}&quot; unmatched {block} {/block} pairs' in /Users/Shared/development/projects_git/webshop/shopware-4/shopware/engine/Library/Smarty/sysplugins/smarty_internal_templatecompilerbase.php:657
Stack trace:
#0 /Users/Shared/development/projects_git/webshop/shopware-4/shopware/engine/Library/Smarty/sysplugins/smarty_internal_compile_extends.php(88): Smarty_Internal_TemplateCompilerBase->trigger_template_error('unmatched {bloc...')
#1 /Users/Shared/development/projects_git/webshop/shopware-4/shopware/engine/Library/Smarty/sysplugins/smarty_internal_templatecompilerbase.php(475): Smarty_Internal_Compile_Extends->compile(Array, Object(Smarty_Internal_SmartyTemplateCompiler), Array, NULL, NULL)
#2 /Users/Shared/development/projects_git/webshop/shopware-4/shopware/engine/Library/Smarty/sysplugins/smarty_internal_templatecompilerbase.php(249): Smarty_Internal_TemplateCompilerBase->callTagCompiler('extends', Array, Array)
#3 /Users/Shared/development/projects_git/webshop/shopware-4/shopware/engine/Library/Smarty/sysplugins/smarty_internal_templateparser.php(2388): Smarty_Internal_TemplateCompilerBase->compileTag('extends', Array)
#4 /Users/Shared/development/projects_git/webshop/shopware-4/shopware/engine/Library/Smarty/sysplugins/smarty_internal_templateparser.php(3101): Smarty_Internal_Templateparser->yy_r36()
#5 /Users/Shared/development/projects_git/webshop/shopware-4/shopware/engine/Library/Smarty/sysplugins/smarty_internal_templateparser.php(3201): Smarty_Internal_Templateparser->yy_reduce(36)
#6 /Users/Shared/development/projects_git/webshop/shopware-4/shopware/engine/Library/Smarty/sysplugins/smarty_internal_smartytemplatecompiler.php(105): Smarty_Internal_Templateparser->doParse(10, '??')
#7 /Users/Shared/development/projects_git/webshop/shopware-4/shopware/engine/Library/Smarty/sysplugins/smarty_internal_templatecompilerbase.php(192): Smarty_Internal_SmartyTemplateCompiler->doCompile('{extends file='...')
#8 /Users/Shared/development/projects_git/webshop/shopware-4/shopware/engine/Library/Smarty/sysplugins/smarty_internal_template.php(187): Smarty_Internal_TemplateCompilerBase->compileTemplate(Object(Enlight_Template_Default))
#9 /Users/Shared/development/projects_git/webshop/shopware-4/shopware/engine/Library/Smarty/sysplugins/smarty_internal_templatebase.php(164): Smarty_Internal_Template->compileTemplateSource()
#10 /Users/Shared/development/projects_git/webshop/shopware-4/shopware/engine/Library/Enlight/View/Default.php(273): Smarty_Internal_TemplateBase->fetch()
#11 /Users/Shared/development/projects_git/webshop/shopware-4/shopware/engine/Library/Enlight/Controller/Plugins/ViewRenderer/Bootstrap.php(212): Enlight_View_Default->render(Object(Enlight_Template_Default))
#12 /Users/Shared/development/projects_git/webshop/shopware-4/shopware/engine/Library/Enlight/Controller/Plugins/ViewRenderer/Bootstrap.php(238): Enlight_Controller_Plugins_ViewRenderer_Bootstrap->renderTemplate(Object(Enlight_Template_Default))
#13 /Users/Shared/development/projects_git/webshop/shopware-4/shopware/engine/Library/Enlight/Controller/Plugins/ViewRenderer/Bootstrap.php(136): Enlight_Controller_Plugins_ViewRenderer_Bootstrap->render()
#14 [internal function]: Enlight_Controller_Plugins_ViewRenderer_Bootstrap->onPostDispatch(Object(Enlight_Controller_ActionEventArgs))
#15 /Users/Shared/development/projects_git/webshop/shopware-4/shopware/engine/Library/Enlight/Event/Handler/Default.php(91): call_user_func(Array, Object(Enlight_Controller_ActionEventArgs))
#16 /Users/Shared/development/projects_git/webshop/shopware-4/shopware/engine/Library/Enlight/Event/EventManager.php(211): Enlight_Event_Handler_Default->execute(Object(Enlight_Controller_ActionEventArgs))
#17 /Users/Shared/development/projects_git/webshop/shopware-4/shopware/engine/Library/Enlight/Controller/Action.php(202): Enlight_Event_EventManager->notify('Enlight_Control...', Object(Enlight_Controller_ActionEventArgs))
#18 /Users/Shared/development/projects_git/webshop/shopware-4/shopware/engine/Library/Enlight/Controller/Dispatcher/Default.php(528): Enlight_Controller_Action->dispatch('indexAction')
#19 /Users/Shared/development/projects_git/webshop/shopware-4/shopware/engine/Library/Enlight/Controller/Front.php(228): Enlight_Controller_Dispatcher_Default->dispatch(Object(Enlight_Controller_Request_RequestHttp), Object(Enlight_Controller_Response_ResponseHttp))
#20 /Users/Shared/development/projects_git/webshop/shopware-4/shopware/engine/Shopware/Kernel.php(145): Enlight_Controller_Front->dispatch()
#21 /Users/Shared/development/projects_git/webshop/shopware-4/shopware/vendor/symfony/http-kernel/Symfony/Component/HttpKernel/HttpCache/HttpCache.php(471): Shopware\Kernel->handle(Object(Symfony\Component\HttpFoundation\Request), 1, true)
#22 /Users/Shared/development/projects_git/webshop/shopware-4/shopware/engine/Shopware/Components/HttpCache/AppCache.php(257): Symfony\Component\HttpKernel\HttpCache\HttpCache->forward(Object(Symfony\Component\HttpFoundation\Request), true, NULL)
#23 /Users/Shared/development/projects_git/webshop/shopware-4/shopware/vendor/symfony/http-kernel/Symfony/Component/HttpKernel/HttpCache/HttpCache.php(428): Shopware\Components\HttpCache\AppCache->forward(Object(Symfony\Component\HttpFoundation\Request), true)
#24 /Users/Shared/development/projects_git/webshop/shopware-4/shopware/vendor/symfony/http-kernel/Symfony/Component/HttpKernel/HttpCache/HttpCache.php(328): Symfony\Component\HttpKernel\HttpCache\HttpCache->fetch(Object(Symfony\Component\HttpFoundation\Request), true)
#25 /Users/Shared/development/projects_git/webshop/shopware-4/shopware/engine/Shopware/Components/HttpCache/AppCache.php(179): Symfony\Component\HttpKernel\HttpCache\HttpCache->lookup(Object(Symfony\Component\HttpFoundation\Request), true)
#26 /Users/Shared/development/projects_git/webshop/shopware-4/shopware/vendor/symfony/http-kernel/Symfony/Component/HttpKernel/HttpCache/HttpCache.php(192): Shopware\Components\HttpCache\AppCache->lookup(Object(Symfony\Component\HttpFoundation\Request), true)
#27 /Users/Shared/development/projects_git/webshop/shopware-4/shopware/engine/Shopware/Components/HttpCache/AppCache.php(114): Symfony\Component\HttpKernel\HttpCache\HttpCache->handle(Object(Symfony\Component\HttpFoundation\Request), 1, true)
#28 /Users/Shared/development/projects_git/webshop/shopware-4/shopware/shopware.php(109): Shopware\Components\HttpCache\AppCache->handle(Object(Symfony\Component\HttpFoundation\Request))
#29 {main} [] {"uid":"0b45cd4"}
[2016-06-28 09:01:43] core.ERROR: exception 'SmartyCompilerException' with message 'Syntax Error in template &quot;/Users/Shared/development/projects_git/webshop/shopware-4/shopware/templates/_emotion/frontend/home/index.tpl&quot;  on line 3 &quot;{* Tagcloud *}&quot; unmatched {block} {/block} pairs' in /Users/Shared/development/projects_git/webshop/shopware-4/shopware/engine/Library/Smarty/sysplugins/smarty_internal_templatecompilerbase.php:657
Stack trace:
#0 /Users/Shared/development/projects_git/webshop/shopware-4/shopware/engine/Library/Smarty/sysplugins/smarty_internal_compile_extends.php(88): Smarty_Internal_TemplateCompilerBase->trigger_template_error('unmatched {bloc...')
#1 /Users/Shared/development/projects_git/webshop/shopware-4/shopware/engine/Library/Smarty/sysplugins/smarty_internal_templatecompilerbase.php(475): Smarty_Internal_Compile_Extends->compile(Array, Object(Smarty_Internal_SmartyTemplateCompiler), Array, NULL, NULL)
#2 /Users/Shared/development/projects_git/webshop/shopware-4/shopware/engine/Library/Smarty/sysplugins/smarty_internal_templatecompilerbase.php(249): Smarty_Internal_TemplateCompilerBase->callTagCompiler('extends', Array, Array)
#3 /Users/Shared/development/projects_git/webshop/shopware-4/shopware/engine/Library/Smarty/sysplugins/smarty_internal_templateparser.php(2388): Smarty_Internal_TemplateCompilerBase->compileTag('extends', Array)
#4 /Users/Shared/development/projects_git/webshop/shopware-4/shopware/engine/Library/Smarty/sysplugins/smarty_internal_templateparser.php(3101): Smarty_Internal_Templateparser->yy_r36()
#5 /Users/Shared/development/projects_git/webshop/shopware-4/shopware/engine/Library/Smarty/sysplugins/smarty_internal_templateparser.php(3201): Smarty_Internal_Templateparser->yy_reduce(36)
#6 /Users/Shared/development/projects_git/webshop/shopware-4/shopware/engine/Library/Smarty/sysplugins/smarty_internal_smartytemplatecompiler.php(105): Smarty_Internal_Templateparser->doParse(10, '??')
#7 /Users/Shared/development/projects_git/webshop/shopware-4/shopware/engine/Library/Smarty/sysplugins/smarty_internal_templatecompilerbase.php(192): Smarty_Internal_SmartyTemplateCompiler->doCompile('{extends file='...')
#8 /Users/Shared/development/projects_git/webshop/shopware-4/shopware/engine/Library/Smarty/sysplugins/smarty_internal_template.php(187): Smarty_Internal_TemplateCompilerBase->compileTemplate(Object(Enlight_Template_Default))
#9 /Users/Shared/development/projects_git/webshop/shopware-4/shopware/engine/Library/Smarty/sysplugins/smarty_internal_templatebase.php(164): Smarty_Internal_Template->compileTemplateSource()
#10 /Users/Shared/development/projects_git/webshop/shopware-4/shopware/engine/Library/Enlight/View/Default.php(273): Smarty_Internal_TemplateBase->fetch()
#11 /Users/Shared/development/projects_git/webshop/shopware-4/shopware/engine/Library/Enlight/Controller/Plugins/ViewRenderer/Bootstrap.php(212): Enlight_View_Default->render(Object(Enlight_Template_Default))
#12 /Users/Shared/development/projects_git/webshop/shopware-4/shopware/engine/Library/Enlight/Controller/Plugins/ViewRenderer/Bootstrap.php(238): Enlight_Controller_Plugins_ViewRenderer_Bootstrap->renderTemplate(Object(Enlight_Template_Default))
#13 /Users/Shared/development/projects_git/webshop/shopware-4/shopware/engine/Library/Enlight/Controller/Plugins/ViewRenderer/Bootstrap.php(136): Enlight_Controller_Plugins_ViewRenderer_Bootstrap->render()
#14 [internal function]: Enlight_Controller_Plugins_ViewRenderer_Bootstrap->onPostDispatch(Object(Enlight_Controller_ActionEventArgs))
#15 /Users/Shared/development/projects_git/webshop/shopware-4/shopware/engine/Library/Enlight/Event/Handler/Default.php(91): call_user_func(Array, Object(Enlight_Controller_ActionEventArgs))
#16 /Users/Shared/development/projects_git/webshop/shopware-4/shopware/engine/Library/Enlight/Event/EventManager.php(211): Enlight_Event_Handler_Default->execute(Object(Enlight_Controller_ActionEventArgs))
#17 /Users/Shared/development/projects_git/webshop/shopware-4/shopware/engine/Library/Enlight/Controller/Action.php(202): Enlight_Event_EventManager->notify('Enlight_Control...', Object(Enlight_Controller_ActionEventArgs))
#18 /Users/Shared/development/projects_git/webshop/shopware-4/shopware/engine/Library/Enlight/Controller/Dispatcher/Default.php(528): Enlight_Controller_Action->dispatch('indexAction')
#19 /Users/Shared/development/projects_git/webshop/shopware-4/shopware/engine/Library/Enlight/Controller/Front.php(228): Enlight_Controller_Dispatcher_Default->dispatch(Object(Enlight_Controller_Request_RequestHttp), Object(Enlight_Controller_Response_ResponseHttp))
#20 /Users/Shared/development/projects_git/webshop/shopware-4/shopware/engine/Shopware/Kernel.php(145): Enlight_Controller_Front->dispatch()
#21 /Users/Shared/development/projects_git/webshop/shopware-4/shopware/vendor/symfony/http-kernel/Symfony/Component/HttpKernel/HttpCache/HttpCache.php(471): Shopware\Kernel->handle(Object(Symfony\Component\HttpFoundation\Request), 1, true)
#22 /Users/Shared/development/projects_git/webshop/shopware-4/shopware/engine/Shopware/Components/HttpCache/AppCache.php(257): Symfony\Component\HttpKernel\HttpCache\HttpCache->forward(Object(Symfony\Component\HttpFoundation\Request), true, NULL)
#23 /Users/Shared/development/projects_git/webshop/shopware-4/shopware/vendor/symfony/http-kernel/Symfony/Component/HttpKernel/HttpCache/HttpCache.php(428): Shopware\Components\HttpCache\AppCache->forward(Object(Symfony\Component\HttpFoundation\Request), true)
#24 /Users/Shared/development/projects_git/webshop/shopware-4/shopware/vendor/symfony/http-kernel/Symfony/Component/HttpKernel/HttpCache/HttpCache.php(328): Symfony\Component\HttpKernel\HttpCache\HttpCache->fetch(Object(Symfony\Component\HttpFoundation\Request), true)
#25 /Users/Shared/development/projects_git/webshop/shopware-4/shopware/engine/Shopware/Components/HttpCache/AppCache.php(179): Symfony\Component\HttpKernel\HttpCache\HttpCache->lookup(Object(Symfony\Component\HttpFoundation\Request), true)
#26 /Users/Shared/development/projects_git/webshop/shopware-4/shopware/vendor/symfony/http-kernel/Symfony/Component/HttpKernel/HttpCache/HttpCache.php(192): Shopware\Components\HttpCache\AppCache->lookup(Object(Symfony\Component\HttpFoundation\Request), true)
#27 /Users/Shared/development/projects_git/webshop/shopware-4/shopware/engine/Shopware/Components/HttpCache/AppCache.php(114): Symfony\Component\HttpKernel\HttpCache\HttpCache->handle(Object(Symfony\Component\HttpFoundation\Request), 1, true)
#28 /Users/Shared/development/projects_git/webshop/shopware-4/shopware/shopware.php(109): Shopware\Components\HttpCache\AppCache->handle(Object(Symfony\Component\HttpFoundation\Request))
#29 {main} [] {"uid":"27e8602"}
[2016-06-28 09:01:56] core.ERROR: exception 'SmartyCompilerException' with message 'Syntax Error in template &quot;/Users/Shared/development/projects_git/webshop/shopware-4/shopware/templates/_emotion/frontend/home/index.tpl&quot;  on line 3 &quot;{* Tagcloud *}&quot; unmatched {block} {/block} pairs' in /Users/Shared/development/projects_git/webshop/shopware-4/shopware/engine/Library/Smarty/sysplugins/smarty_internal_templatecompilerbase.php:657
Stack trace:
#0 /Users/Shared/development/projects_git/webshop/shopware-4/shopware/engine/Library/Smarty/sysplugins/smarty_internal_compile_extends.php(88): Smarty_Internal_TemplateCompilerBase->trigger_template_error('unmatched {bloc...')
#1 /Users/Shared/development/projects_git/webshop/shopware-4/shopware/engine/Library/Smarty/sysplugins/smarty_internal_templatecompilerbase.php(475): Smarty_Internal_Compile_Extends->compile(Array, Object(Smarty_Internal_SmartyTemplateCompiler), Array, NULL, NULL)
#2 /Users/Shared/development/projects_git/webshop/shopware-4/shopware/engine/Library/Smarty/sysplugins/smarty_internal_templatecompilerbase.php(249): Smarty_Internal_TemplateCompilerBase->callTagCompiler('extends', Array, Array)
#3 /Users/Shared/development/projects_git/webshop/shopware-4/shopware/engine/Library/Smarty/sysplugins/smarty_internal_templateparser.php(2388): Smarty_Internal_TemplateCompilerBase->compileTag('extends', Array)
#4 /Users/Shared/development/projects_git/webshop/shopware-4/shopware/engine/Library/Smarty/sysplugins/smarty_internal_templateparser.php(3101): Smarty_Internal_Templateparser->yy_r36()
#5 /Users/Shared/development/projects_git/webshop/shopware-4/shopware/engine/Library/Smarty/sysplugins/smarty_internal_templateparser.php(3201): Smarty_Internal_Templateparser->yy_reduce(36)
#6 /Users/Shared/development/projects_git/webshop/shopware-4/shopware/engine/Library/Smarty/sysplugins/smarty_internal_smartytemplatecompiler.php(105): Smarty_Internal_Templateparser->doParse(10, '??')
#7 /Users/Shared/development/projects_git/webshop/shopware-4/shopware/engine/Library/Smarty/sysplugins/smarty_internal_templatecompilerbase.php(192): Smarty_Internal_SmartyTemplateCompiler->doCompile('{extends file='...')
#8 /Users/Shared/development/projects_git/webshop/shopware-4/shopware/engine/Library/Smarty/sysplugins/smarty_internal_template.php(187): Smarty_Internal_TemplateCompilerBase->compileTemplate(Object(Enlight_Template_Default))
#9 /Users/Shared/development/projects_git/webshop/shopware-4/shopware/engine/Library/Smarty/sysplugins/smarty_internal_templatebase.php(164): Smarty_Internal_Template->compileTemplateSource()
#10 /Users/Shared/development/projects_git/webshop/shopware-4/shopware/engine/Library/Enlight/View/Default.php(273): Smarty_Internal_TemplateBase->fetch()
#11 /Users/Shared/development/projects_git/webshop/shopware-4/shopware/engine/Library/Enlight/Controller/Plugins/ViewRenderer/Bootstrap.php(212): Enlight_View_Default->render(Object(Enlight_Template_Default))
#12 /Users/Shared/development/projects_git/webshop/shopware-4/shopware/engine/Library/Enlight/Controller/Plugins/ViewRenderer/Bootstrap.php(238): Enlight_Controller_Plugins_ViewRenderer_Bootstrap->renderTemplate(Object(Enlight_Template_Default))
#13 /Users/Shared/development/projects_git/webshop/shopware-4/shopware/engine/Library/Enlight/Controller/Plugins/ViewRenderer/Bootstrap.php(136): Enlight_Controller_Plugins_ViewRenderer_Bootstrap->render()
#14 [internal function]: Enlight_Controller_Plugins_ViewRenderer_Bootstrap->onPostDispatch(Object(Enlight_Controller_ActionEventArgs))
#15 /Users/Shared/development/projects_git/webshop/shopware-4/shopware/engine/Library/Enlight/Event/Handler/Default.php(91): call_user_func(Array, Object(Enlight_Controller_ActionEventArgs))
#16 /Users/Shared/development/projects_git/webshop/shopware-4/shopware/engine/Library/Enlight/Event/EventManager.php(211): Enlight_Event_Handler_Default->execute(Object(Enlight_Controller_ActionEventArgs))
#17 /Users/Shared/development/projects_git/webshop/shopware-4/shopware/engine/Library/Enlight/Controller/Action.php(202): Enlight_Event_EventManager->notify('Enlight_Control...', Object(Enlight_Controller_ActionEventArgs))
#18 /Users/Shared/development/projects_git/webshop/shopware-4/shopware/engine/Library/Enlight/Controller/Dispatcher/Default.php(528): Enlight_Controller_Action->dispatch('indexAction')
#19 /Users/Shared/development/projects_git/webshop/shopware-4/shopware/engine/Library/Enlight/Controller/Front.php(228): Enlight_Controller_Dispatcher_Default->dispatch(Object(Enlight_Controller_Request_RequestHttp), Object(Enlight_Controller_Response_ResponseHttp))
#20 /Users/Shared/development/projects_git/webshop/shopware-4/shopware/engine/Shopware/Kernel.php(145): Enlight_Controller_Front->dispatch()
#21 /Users/Shared/development/projects_git/webshop/shopware-4/shopware/vendor/symfony/http-kernel/Symfony/Component/HttpKernel/HttpCache/HttpCache.php(471): Shopware\Kernel->handle(Object(Symfony\Component\HttpFoundation\Request), 1, true)
#22 /Users/Shared/development/projects_git/webshop/shopware-4/shopware/engine/Shopware/Components/HttpCache/AppCache.php(257): Symfony\Component\HttpKernel\HttpCache\HttpCache->forward(Object(Symfony\Component\HttpFoundation\Request), true, NULL)
#23 /Users/Shared/development/projects_git/webshop/shopware-4/shopware/vendor/symfony/http-kernel/Symfony/Component/HttpKernel/HttpCache/HttpCache.php(428): Shopware\Components\HttpCache\AppCache->forward(Object(Symfony\Component\HttpFoundation\Request), true)
#24 /Users/Shared/development/projects_git/webshop/shopware-4/shopware/vendor/symfony/http-kernel/Symfony/Component/HttpKernel/HttpCache/HttpCache.php(328): Symfony\Component\HttpKernel\HttpCache\HttpCache->fetch(Object(Symfony\Component\HttpFoundation\Request), true)
#25 /Users/Shared/development/projects_git/webshop/shopware-4/shopware/engine/Shopware/Components/HttpCache/AppCache.php(179): Symfony\Component\HttpKernel\HttpCache\HttpCache->lookup(Object(Symfony\Component\HttpFoundation\Request), true)
#26 /Users/Shared/development/projects_git/webshop/shopware-4/shopware/vendor/symfony/http-kernel/Symfony/Component/HttpKernel/HttpCache/HttpCache.php(192): Shopware\Components\HttpCache\AppCache->lookup(Object(Symfony\Component\HttpFoundation\Request), true)
#27 /Users/Shared/development/projects_git/webshop/shopware-4/shopware/engine/Shopware/Components/HttpCache/AppCache.php(114): Symfony\Component\HttpKernel\HttpCache\HttpCache->handle(Object(Symfony\Component\HttpFoundation\Request), 1, true)
#28 /Users/Shared/development/projects_git/webshop/shopware-4/shopware/shopware.php(109): Shopware\Components\HttpCache\AppCache->handle(Object(Symfony\Component\HttpFoundation\Request))
#29 {main} [] {"uid":"457993d"}
[2016-06-28 09:02:09] core.ERROR: exception 'SmartyCompilerException' with message 'Syntax Error in template &quot;/Users/Shared/development/projects_git/webshop/shopware-4/shopware/templates/_emotion/frontend/home/index.tpl&quot;  on line 3 &quot;{* Tagcloud *}&quot; unmatched {block} {/block} pairs' in /Users/Shared/development/projects_git/webshop/shopware-4/shopware/engine/Library/Smarty/sysplugins/smarty_internal_templatecompilerbase.php:657
Stack trace:
#0 /Users/Shared/development/projects_git/webshop/shopware-4/shopware/engine/Library/Smarty/sysplugins/smarty_internal_compile_extends.php(88): Smarty_Internal_TemplateCompilerBase->trigger_template_error('unmatched {bloc...')
#1 /Users/Shared/development/projects_git/webshop/shopware-4/shopware/engine/Library/Smarty/sysplugins/smarty_internal_templatecompilerbase.php(475): Smarty_Internal_Compile_Extends->compile(Array, Object(Smarty_Internal_SmartyTemplateCompiler), Array, NULL, NULL)
#2 /Users/Shared/development/projects_git/webshop/shopware-4/shopware/engine/Library/Smarty/sysplugins/smarty_internal_templatecompilerbase.php(249): Smarty_Internal_TemplateCompilerBase->callTagCompiler('extends', Array, Array)
#3 /Users/Shared/development/projects_git/webshop/shopware-4/shopware/engine/Library/Smarty/sysplugins/smarty_internal_templateparser.php(2388): Smarty_Internal_TemplateCompilerBase->compileTag('extends', Array)
#4 /Users/Shared/development/projects_git/webshop/shopware-4/shopware/engine/Library/Smarty/sysplugins/smarty_internal_templateparser.php(3101): Smarty_Internal_Templateparser->yy_r36()
#5 /Users/Shared/development/projects_git/webshop/shopware-4/shopware/engine/Library/Smarty/sysplugins/smarty_internal_templateparser.php(3201): Smarty_Internal_Templateparser->yy_reduce(36)
#6 /Users/Shared/development/projects_git/webshop/shopware-4/shopware/engine/Library/Smarty/sysplugins/smarty_internal_smartytemplatecompiler.php(105): Smarty_Internal_Templateparser->doParse(10, '??')
#7 /Users/Shared/development/projects_git/webshop/shopware-4/shopware/engine/Library/Smarty/sysplugins/smarty_internal_templatecompilerbase.php(192): Smarty_Internal_SmartyTemplateCompiler->doCompile('{extends file='...')
#8 /Users/Shared/development/projects_git/webshop/shopware-4/shopware/engine/Library/Smarty/sysplugins/smarty_internal_template.php(187): Smarty_Internal_TemplateCompilerBase->compileTemplate(Object(Enlight_Template_Default))
#9 /Users/Shared/development/projects_git/webshop/shopware-4/shopware/engine/Library/Smarty/sysplugins/smarty_internal_templatebase.php(164): Smarty_Internal_Template->compileTemplateSource()
#10 /Users/Shared/development/projects_git/webshop/shopware-4/shopware/engine/Library/Enlight/View/Default.php(273): Smarty_Internal_TemplateBase->fetch()
#11 /Users/Shared/development/projects_git/webshop/shopware-4/shopware/engine/Library/Enlight/Controller/Plugins/ViewRenderer/Bootstrap.php(212): Enlight_View_Default->render(Object(Enlight_Template_Default))
#12 /Users/Shared/development/projects_git/webshop/shopware-4/shopware/engine/Library/Enlight/Controller/Plugins/ViewRenderer/Bootstrap.php(238): Enlight_Controller_Plugins_ViewRenderer_Bootstrap->renderTemplate(Object(Enlight_Template_Default))
#13 /Users/Shared/development/projects_git/webshop/shopware-4/shopware/engine/Library/Enlight/Controller/Plugins/ViewRenderer/Bootstrap.php(136): Enlight_Controller_Plugins_ViewRenderer_Bootstrap->render()
#14 [internal function]: Enlight_Controller_Plugins_ViewRenderer_Bootstrap->onPostDispatch(Object(Enlight_Controller_ActionEventArgs))
#15 /Users/Shared/development/projects_git/webshop/shopware-4/shopware/engine/Library/Enlight/Event/Handler/Default.php(91): call_user_func(Array, Object(Enlight_Controller_ActionEventArgs))
#16 /Users/Shared/development/projects_git/webshop/shopware-4/shopware/engine/Library/Enlight/Event/EventManager.php(211): Enlight_Event_Handler_Default->execute(Object(Enlight_Controller_ActionEventArgs))
#17 /Users/Shared/development/projects_git/webshop/shopware-4/shopware/engine/Library/Enlight/Controller/Action.php(202): Enlight_Event_EventManager->notify('Enlight_Control...', Object(Enlight_Controller_ActionEventArgs))
#18 /Users/Shared/development/projects_git/webshop/shopware-4/shopware/engine/Library/Enlight/Controller/Dispatcher/Default.php(528): Enlight_Controller_Action->dispatch('indexAction')
#19 /Users/Shared/development/projects_git/webshop/shopware-4/shopware/engine/Library/Enlight/Controller/Front.php(228): Enlight_Controller_Dispatcher_Default->dispatch(Object(Enlight_Controller_Request_RequestHttp), Object(Enlight_Controller_Response_ResponseHttp))
#20 /Users/Shared/development/projects_git/webshop/shopware-4/shopware/engine/Shopware/Kernel.php(145): Enlight_Controller_Front->dispatch()
#21 /Users/Shared/development/projects_git/webshop/shopware-4/shopware/vendor/symfony/http-kernel/Symfony/Component/HttpKernel/HttpCache/HttpCache.php(471): Shopware\Kernel->handle(Object(Symfony\Component\HttpFoundation\Request), 1, true)
#22 /Users/Shared/development/projects_git/webshop/shopware-4/shopware/engine/Shopware/Components/HttpCache/AppCache.php(257): Symfony\Component\HttpKernel\HttpCache\HttpCache->forward(Object(Symfony\Component\HttpFoundation\Request), true, NULL)
#23 /Users/Shared/development/projects_git/webshop/shopware-4/shopware/vendor/symfony/http-kernel/Symfony/Component/HttpKernel/HttpCache/HttpCache.php(428): Shopware\Components\HttpCache\AppCache->forward(Object(Symfony\Component\HttpFoundation\Request), true)
#24 /Users/Shared/development/projects_git/webshop/shopware-4/shopware/vendor/symfony/http-kernel/Symfony/Component/HttpKernel/HttpCache/HttpCache.php(328): Symfony\Component\HttpKernel\HttpCache\HttpCache->fetch(Object(Symfony\Component\HttpFoundation\Request), true)
#25 /Users/Shared/development/projects_git/webshop/shopware-4/shopware/engine/Shopware/Components/HttpCache/AppCache.php(179): Symfony\Component\HttpKernel\HttpCache\HttpCache->lookup(Object(Symfony\Component\HttpFoundation\Request), true)
#26 /Users/Shared/development/projects_git/webshop/shopware-4/shopware/vendor/symfony/http-kernel/Symfony/Component/HttpKernel/HttpCache/HttpCache.php(192): Shopware\Components\HttpCache\AppCache->lookup(Object(Symfony\Component\HttpFoundation\Request), true)
#27 /Users/Shared/development/projects_git/webshop/shopware-4/shopware/engine/Shopware/Components/HttpCache/AppCache.php(114): Symfony\Component\HttpKernel\HttpCache\HttpCache->handle(Object(Symfony\Component\HttpFoundation\Request), 1, true)
#28 /Users/Shared/development/projects_git/webshop/shopware-4/shopware/shopware.php(109): Shopware\Components\HttpCache\AppCache->handle(Object(Symfony\Component\HttpFoundation\Request))
#29 {main} [] {"uid":"dd7a2e5"}
